TN:
SF:lib/assign-pitch-class.js
FN:1,(anonymous_0)
FNF:1
FNH:0
FNDA:0,(anonymous_0)
DA:1,1
DA:2,0
DA:4,0
DA:5,0
DA:6,0
DA:7,0
DA:8,0
DA:9,0
DA:10,0
DA:11,0
DA:12,0
DA:13,0
DA:14,0
DA:15,0
DA:16,0
DA:17,0
DA:18,0
DA:19,0
DA:20,0
DA:21,0
DA:22,0
DA:23,0
DA:24,0
DA:25,0
DA:26,0
DA:27,0
DA:29,0
DA:33,0
DA:34,0
DA:36,0
DA:37,0
DA:38,0
DA:39,0
DA:40,0
DA:41,0
DA:45,0
DA:49,1
LF:37
LH:2
BRDA:4,0,0,0
BRDA:4,0,1,0
BRDA:6,1,0,0
BRDA:6,1,1,0
BRDA:8,2,0,0
BRDA:8,2,1,0
BRDA:10,3,0,0
BRDA:10,3,1,0
BRDA:12,4,0,0
BRDA:12,4,1,0
BRDA:14,5,0,0
BRDA:14,5,1,0
BRDA:16,6,0,0
BRDA:16,6,1,0
BRDA:18,7,0,0
BRDA:18,7,1,0
BRDA:20,8,0,0
BRDA:20,8,1,0
BRDA:22,9,0,0
BRDA:22,9,1,0
BRDA:24,10,0,0
BRDA:24,10,1,0
BRDA:26,11,0,0
BRDA:26,11,1,0
BRDA:33,12,0,0
BRDA:33,12,1,0
BRDA:36,13,0,0
BRDA:36,13,1,0
BRDA:38,14,0,0
BRDA:38,14,1,0
BRDA:40,15,0,0
BRDA:40,15,1,0
BRF:32
BRH:0
end_of_record
TN:
SF:lib/convert-tempo.js
FN:1,(anonymous_0)
FNF:1
FNH:0
FNDA:0,(anonymous_0)
DA:1,1
DA:3,0
DA:4,0
DA:7,0
DA:10,1
LF:5
LH:2
BRDA:3,0,0,0
BRDA:3,0,1,0
BRF:2
BRH:0
end_of_record
TN:
SF:lib/convert-time.js
FN:1,(anonymous_0)
FNF:1
FNH:0
FNDA:0,(anonymous_0)
DA:1,1
DA:3,0
DA:6,1
LF:3
LH:2
BRF:0
BRH:0
end_of_record
TN:
SF:lib/get-rom-title.js
FN:4,(anonymous_0)
FN:4,(anonymous_1)
FN:6,(anonymous_2)
FNF:3
FNH:0
FNDA:0,(anonymous_0)
FNDA:0,(anonymous_1)
FNDA:0,(anonymous_2)
DA:1,1
DA:2,1
DA:4,1
DA:6,1
DA:7,0
DA:8,0
DA:9,0
DA:13,1
LF:8
LH:5
BRF:0
BRH:0
end_of_record
TN:
SF:lib/library.js
FN:12,(anonymous_0)
FN:12,(anonymous_1)
FN:16,convertMinSecToMs
FN:21,(anonymous_3)
FN:58,(anonymous_4)
FN:120,addGenresToDatabase
FN:121,(anonymous_6)
FN:124,csvToData
FN:126,(anonymous_8)
FN:131,(anonymous_9)
FN:134,(anonymous_10)
FNF:11
FNH:3
FNDA:0,(anonymous_0)
FNDA:0,(anonymous_1)
FNDA:0,convertMinSecToMs
FNDA:8,(anonymous_3)
FNDA:0,(anonymous_4)
FNDA:4,addGenresToDatabase
FNDA:6,(anonymous_6)
FNDA:0,csvToData
FNDA:0,(anonymous_8)
FNDA:0,(anonymous_9)
FNDA:0,(anonymous_10)
DA:1,1
DA:2,1
DA:3,1
DA:4,1
DA:5,1
DA:6,1
DA:7,1
DA:9,1
DA:10,1
DA:12,1
DA:14,1
DA:17,0
DA:21,1
DA:24,8
DA:26,8
DA:27,5
DA:28,5
DA:30,3
DA:34,8
DA:35,1
DA:38,8
DA:39,1
DA:42,8
DA:43,1
DA:46,8
DA:48,5
DA:53,1
DA:58,1
DA:60,0
DA:61,0
DA:63,0
DA:65,0
DA:66,0
DA:79,0
DA:80,0
DA:83,0
DA:101,0
DA:103,0
DA:104,0
DA:105,0
DA:106,0
DA:108,0
DA:109,0
DA:112,0
DA:113,0
DA:116,0
DA:121,6
DA:126,0
DA:127,0
DA:129,0
DA:132,0
DA:135,0
DA:136,0
DA:143,1
LF:54
LH:29
BRDA:26,0,0,5
BRDA:26,0,1,3
BRDA:34,1,0,1
BRDA:34,1,1,7
BRDA:38,2,0,1
BRDA:38,2,1,7
BRDA:42,3,0,1
BRDA:42,3,1,7
BRDA:46,4,0,3
BRDA:46,4,1,5
BRDA:103,5,0,0
BRDA:103,5,1,0
BRF:12
BRH:10
end_of_record
TN:
SF:lib/remove-brackets.js
FN:1,(anonymous_0)
FNF:1
FNH:0
FNDA:0,(anonymous_0)
DA:1,1
DA:2,0
DA:4,0
DA:7,1
LF:4
LH:2
BRDA:4,0,0,0
BRDA:4,0,1,0
BRF:2
BRH:0
end_of_record
