{"/Users/isaacyong/WEB DEV/giggr-api/lib/assign-pitch-class.js": {"path":"/Users/isaacyong/WEB DEV/giggr-api/lib/assign-pitch-class.js","statementMap":{"0":{"start":{"line":1,"column":25},"end":{"line":47,"column":3}},"1":{"start":{"line":2,"column":14},"end":{"line":2,"column":16}},"2":{"start":{"line":4,"column":4},"end":{"line":30,"column":5}},"3":{"start":{"line":5,"column":8},"end":{"line":5,"column":17}},"4":{"start":{"line":6,"column":13},"end":{"line":30,"column":5}},"5":{"start":{"line":7,"column":8},"end":{"line":7,"column":18}},"6":{"start":{"line":8,"column":13},"end":{"line":30,"column":5}},"7":{"start":{"line":9,"column":8},"end":{"line":9,"column":17}},"8":{"start":{"line":10,"column":13},"end":{"line":30,"column":5}},"9":{"start":{"line":11,"column":8},"end":{"line":11,"column":18}},"10":{"start":{"line":12,"column":13},"end":{"line":30,"column":5}},"11":{"start":{"line":13,"column":8},"end":{"line":13,"column":17}},"12":{"start":{"line":14,"column":13},"end":{"line":30,"column":5}},"13":{"start":{"line":15,"column":8},"end":{"line":15,"column":17}},"14":{"start":{"line":16,"column":13},"end":{"line":30,"column":5}},"15":{"start":{"line":17,"column":8},"end":{"line":17,"column":18}},"16":{"start":{"line":18,"column":13},"end":{"line":30,"column":5}},"17":{"start":{"line":19,"column":8},"end":{"line":19,"column":17}},"18":{"start":{"line":20,"column":13},"end":{"line":30,"column":5}},"19":{"start":{"line":21,"column":8},"end":{"line":21,"column":18}},"20":{"start":{"line":22,"column":13},"end":{"line":30,"column":5}},"21":{"start":{"line":23,"column":8},"end":{"line":23,"column":17}},"22":{"start":{"line":24,"column":13},"end":{"line":30,"column":5}},"23":{"start":{"line":25,"column":8},"end":{"line":25,"column":18}},"24":{"start":{"line":26,"column":13},"end":{"line":30,"column":5}},"25":{"start":{"line":27,"column":8},"end":{"line":27,"column":17}},"26":{"start":{"line":29,"column":8},"end":{"line":29,"column":29}},"27":{"start":{"line":33,"column":4},"end":{"line":43,"column":5}},"28":{"start":{"line":34,"column":8},"end":{"line":34,"column":18}},"29":{"start":{"line":36,"column":8},"end":{"line":42,"column":9}},"30":{"start":{"line":37,"column":12},"end":{"line":37,"column":23}},"31":{"start":{"line":38,"column":17},"end":{"line":42,"column":9}},"32":{"start":{"line":39,"column":12},"end":{"line":39,"column":23}},"33":{"start":{"line":40,"column":17},"end":{"line":42,"column":9}},"34":{"start":{"line":41,"column":12},"end":{"line":41,"column":23}},"35":{"start":{"line":45,"column":4},"end":{"line":45,"column":14}},"36":{"start":{"line":49,"column":2},"end":{"line":49,"column":35}}},"fnMap":{"0":{"name":"(anonymous_0)","decl":{"start":{"line":1,"column":25},"end":{"line":1,"column":26}},"loc":{"start":{"line":1,"column":60},"end":{"line":47,"column":3}},"line":1}},"branchMap":{"0":{"loc":{"start":{"line":4,"column":4},"end":{"line":30,"column":5}},"type":"if","locations":[{"start":{"line":4,"column":4},"end":{"line":30,"column":5}},{"start":{"line":4,"column":4},"end":{"line":30,"column":5}}],"line":4},"1":{"loc":{"start":{"line":6,"column":13},"end":{"line":30,"column":5}},"type":"if","locations":[{"start":{"line":6,"column":13},"end":{"line":30,"column":5}},{"start":{"line":6,"column":13},"end":{"line":30,"column":5}}],"line":6},"2":{"loc":{"start":{"line":8,"column":13},"end":{"line":30,"column":5}},"type":"if","locations":[{"start":{"line":8,"column":13},"end":{"line":30,"column":5}},{"start":{"line":8,"column":13},"end":{"line":30,"column":5}}],"line":8},"3":{"loc":{"start":{"line":10,"column":13},"end":{"line":30,"column":5}},"type":"if","locations":[{"start":{"line":10,"column":13},"end":{"line":30,"column":5}},{"start":{"line":10,"column":13},"end":{"line":30,"column":5}}],"line":10},"4":{"loc":{"start":{"line":12,"column":13},"end":{"line":30,"column":5}},"type":"if","locations":[{"start":{"line":12,"column":13},"end":{"line":30,"column":5}},{"start":{"line":12,"column":13},"end":{"line":30,"column":5}}],"line":12},"5":{"loc":{"start":{"line":14,"column":13},"end":{"line":30,"column":5}},"type":"if","locations":[{"start":{"line":14,"column":13},"end":{"line":30,"column":5}},{"start":{"line":14,"column":13},"end":{"line":30,"column":5}}],"line":14},"6":{"loc":{"start":{"line":16,"column":13},"end":{"line":30,"column":5}},"type":"if","locations":[{"start":{"line":16,"column":13},"end":{"line":30,"column":5}},{"start":{"line":16,"column":13},"end":{"line":30,"column":5}}],"line":16},"7":{"loc":{"start":{"line":18,"column":13},"end":{"line":30,"column":5}},"type":"if","locations":[{"start":{"line":18,"column":13},"end":{"line":30,"column":5}},{"start":{"line":18,"column":13},"end":{"line":30,"column":5}}],"line":18},"8":{"loc":{"start":{"line":20,"column":13},"end":{"line":30,"column":5}},"type":"if","locations":[{"start":{"line":20,"column":13},"end":{"line":30,"column":5}},{"start":{"line":20,"column":13},"end":{"line":30,"column":5}}],"line":20},"9":{"loc":{"start":{"line":22,"column":13},"end":{"line":30,"column":5}},"type":"if","locations":[{"start":{"line":22,"column":13},"end":{"line":30,"column":5}},{"start":{"line":22,"column":13},"end":{"line":30,"column":5}}],"line":22},"10":{"loc":{"start":{"line":24,"column":13},"end":{"line":30,"column":5}},"type":"if","locations":[{"start":{"line":24,"column":13},"end":{"line":30,"column":5}},{"start":{"line":24,"column":13},"end":{"line":30,"column":5}}],"line":24},"11":{"loc":{"start":{"line":26,"column":13},"end":{"line":30,"column":5}},"type":"if","locations":[{"start":{"line":26,"column":13},"end":{"line":30,"column":5}},{"start":{"line":26,"column":13},"end":{"line":30,"column":5}}],"line":26},"12":{"loc":{"start":{"line":33,"column":4},"end":{"line":43,"column":5}},"type":"if","locations":[{"start":{"line":33,"column":4},"end":{"line":43,"column":5}},{"start":{"line":33,"column":4},"end":{"line":43,"column":5}}],"line":33},"13":{"loc":{"start":{"line":36,"column":8},"end":{"line":42,"column":9}},"type":"if","locations":[{"start":{"line":36,"column":8},"end":{"line":42,"column":9}},{"start":{"line":36,"column":8},"end":{"line":42,"column":9}}],"line":36},"14":{"loc":{"start":{"line":38,"column":17},"end":{"line":42,"column":9}},"type":"if","locations":[{"start":{"line":38,"column":17},"end":{"line":42,"column":9}},{"start":{"line":38,"column":17},"end":{"line":42,"column":9}}],"line":38},"15":{"loc":{"start":{"line":40,"column":17},"end":{"line":42,"column":9}},"type":"if","locations":[{"start":{"line":40,"column":17},"end":{"line":42,"column":9}},{"start":{"line":40,"column":17},"end":{"line":42,"column":9}}],"line":40}},"s":{"0":1,"1":0,"2":0,"3":0,"4":0,"5":0,"6":0,"7":0,"8":0,"9":0,"10":0,"11":0,"12":0,"13":0,"14":0,"15":0,"16":0,"17":0,"18":0,"19":0,"20":0,"21":0,"22":0,"23":0,"24":0,"25":0,"26":0,"27":0,"28":0,"29":0,"30":0,"31":0,"32":0,"33":0,"34":0,"35":0,"36":1},"f":{"0":0},"b":{"0":[0,0],"1":[0,0],"2":[0,0],"3":[0,0],"4":[0,0],"5":[0,0],"6":[0,0],"7":[0,0],"8":[0,0],"9":[0,0],"10":[0,0],"11":[0,0],"12":[0,0],"13":[0,0],"14":[0,0],"15":[0,0]},"_coverageSchema":"1a1c01bbd47fc00a2c39e90264f33305004495a9","hash":"d06530f829873b57d3adeb6ca2c9a2dbc43fcb2a"}
,"/Users/isaacyong/WEB DEV/giggr-api/lib/convert-tempo.js": {"path":"/Users/isaacyong/WEB DEV/giggr-api/lib/convert-tempo.js","statementMap":{"0":{"start":{"line":1,"column":21},"end":{"line":8,"column":1}},"1":{"start":{"line":3,"column":2},"end":{"line":5,"column":3}},"2":{"start":{"line":4,"column":4},"end":{"line":4,"column":49}},"3":{"start":{"line":7,"column":2},"end":{"line":7,"column":38}},"4":{"start":{"line":10,"column":0},"end":{"line":10,"column":29}}},"fnMap":{"0":{"name":"(anonymous_0)","decl":{"start":{"line":1,"column":21},"end":{"line":1,"column":22}},"loc":{"start":{"line":1,"column":52},"end":{"line":8,"column":1}},"line":1}},"branchMap":{"0":{"loc":{"start":{"line":3,"column":2},"end":{"line":5,"column":3}},"type":"if","locations":[{"start":{"line":3,"column":2},"end":{"line":5,"column":3}},{"start":{"line":3,"column":2},"end":{"line":5,"column":3}}],"line":3}},"s":{"0":1,"1":0,"2":0,"3":0,"4":1},"f":{"0":0},"b":{"0":[0,0]},"_coverageSchema":"1a1c01bbd47fc00a2c39e90264f33305004495a9","hash":"c6df4f23c2262ab7ab58ab63aedad9c271c0f796"}
,"/Users/isaacyong/WEB DEV/giggr-api/lib/convert-time.js": {"path":"/Users/isaacyong/WEB DEV/giggr-api/lib/convert-time.js","statementMap":{"0":{"start":{"line":1,"column":20},"end":{"line":4,"column":3}},"1":{"start":{"line":3,"column":4},"end":{"line":3,"column":29}},"2":{"start":{"line":6,"column":0},"end":{"line":6,"column":28}}},"fnMap":{"0":{"name":"(anonymous_0)","decl":{"start":{"line":1,"column":20},"end":{"line":1,"column":21}},"loc":{"start":{"line":1,"column":37},"end":{"line":4,"column":3}},"line":1}},"branchMap":{},"s":{"0":1,"1":0,"2":1},"f":{"0":0},"b":{},"_coverageSchema":"1a1c01bbd47fc00a2c39e90264f33305004495a9","hash":"ff4ae1353a95ff4b213dc7c08f9a911103d6da68"}
,"/Users/isaacyong/WEB DEV/giggr-api/lib/get-rom-title.js": {"path":"/Users/isaacyong/WEB DEV/giggr-api/lib/get-rom-title.js","statementMap":{"0":{"start":{"line":1,"column":24},"end":{"line":1,"column":52}},"1":{"start":{"line":2,"column":23},"end":{"line":2,"column":51}},"2":{"start":{"line":4,"column":25},"end":{"line":4,"column":121}},"3":{"start":{"line":4,"column":39},"end":{"line":4,"column":121}},"4":{"start":{"line":4,"column":73},"end":{"line":4,"column":110}},"5":{"start":{"line":6,"column":20},"end":{"line":11,"column":1}},"6":{"start":{"line":7,"column":4},"end":{"line":7,"column":33}},"7":{"start":{"line":8,"column":19},"end":{"line":8,"column":61}},"8":{"start":{"line":9,"column":4},"end":{"line":9,"column":56}},"9":{"start":{"line":13,"column":0},"end":{"line":13,"column":28}}},"fnMap":{"0":{"name":"(anonymous_0)","decl":{"start":{"line":4,"column":25},"end":{"line":4,"column":26}},"loc":{"start":{"line":4,"column":39},"end":{"line":4,"column":121}},"line":4},"1":{"name":"(anonymous_1)","decl":{"start":{"line":4,"column":63},"end":{"line":4,"column":64}},"loc":{"start":{"line":4,"column":73},"end":{"line":4,"column":110}},"line":4},"2":{"name":"(anonymous_2)","decl":{"start":{"line":6,"column":20},"end":{"line":6,"column":21}},"loc":{"start":{"line":6,"column":31},"end":{"line":11,"column":1}},"line":6}},"branchMap":{},"s":{"0":1,"1":1,"2":1,"3":0,"4":0,"5":1,"6":0,"7":0,"8":0,"9":1},"f":{"0":0,"1":0,"2":0},"b":{},"_coverageSchema":"1a1c01bbd47fc00a2c39e90264f33305004495a9","hash":"f245fe9d04a83eeae7348bd31434bb3122b72c80"}
,"/Users/isaacyong/WEB DEV/giggr-api/lib/library.js": {"path":"/Users/isaacyong/WEB DEV/giggr-api/lib/library.js","statementMap":{"0":{"start":{"line":1,"column":25},"end":{"line":1,"column":56}},"1":{"start":{"line":2,"column":21},"end":{"line":2,"column":47}},"2":{"start":{"line":3,"column":20},"end":{"line":3,"column":45}},"3":{"start":{"line":4,"column":11},"end":{"line":4,"column":24}},"4":{"start":{"line":5,"column":12},"end":{"line":5,"column":33}},"5":{"start":{"line":6,"column":24},"end":{"line":6,"column":51}},"6":{"start":{"line":7,"column":20},"end":{"line":7,"column":46}},"7":{"start":{"line":9,"column":22},"end":{"line":9,"column":53}},"8":{"start":{"line":10,"column":23},"end":{"line":10,"column":51}},"9":{"start":{"line":12,"column":22},"end":{"line":12,"column":120}},"10":{"start":{"line":12,"column":33},"end":{"line":12,"column":120}},"11":{"start":{"line":12,"column":88},"end":{"line":12,"column":115}},"12":{"start":{"line":14,"column":18},"end":{"line":14,"column":83}},"13":{"start":{"line":17,"column":4},"end":{"line":17,"column":102}},"14":{"start":{"line":21,"column":31},"end":{"line":49,"column":1}},"15":{"start":{"line":24,"column":15},"end":{"line":24,"column":16}},"16":{"start":{"line":26,"column":4},"end":{"line":31,"column":5}},"17":{"start":{"line":27,"column":8},"end":{"line":27,"column":16}},"18":{"start":{"line":28,"column":8},"end":{"line":28,"column":55}},"19":{"start":{"line":30,"column":8},"end":{"line":30,"column":24}},"20":{"start":{"line":34,"column":4},"end":{"line":36,"column":5}},"21":{"start":{"line":35,"column":8},"end":{"line":35,"column":19}},"22":{"start":{"line":38,"column":4},"end":{"line":40,"column":5}},"23":{"start":{"line":39,"column":8},"end":{"line":39,"column":19}},"24":{"start":{"line":42,"column":4},"end":{"line":44,"column":5}},"25":{"start":{"line":43,"column":8},"end":{"line":43,"column":19}},"26":{"start":{"line":46,"column":4},"end":{"line":46,"column":50}},"27":{"start":{"line":46,"column":34},"end":{"line":46,"column":50}},"28":{"start":{"line":48,"column":4},"end":{"line":48,"column":42}},"29":{"start":{"line":53,"column":19},"end":{"line":56,"column":2}},"30":{"start":{"line":58,"column":25},"end":{"line":118,"column":1}},"31":{"start":{"line":60,"column":4},"end":{"line":117,"column":5}},"32":{"start":{"line":61,"column":21},"end":{"line":61,"column":62}},"33":{"start":{"line":63,"column":8},"end":{"line":63,"column":63}},"34":{"start":{"line":65,"column":19},"end":{"line":65,"column":69}},"35":{"start":{"line":66,"column":26},"end":{"line":66,"column":60}},"36":{"start":{"line":79,"column":12},"end":{"line":79,"column":21}},"37":{"start":{"line":80,"column":67},"end":{"line":80,"column":81}},"38":{"start":{"line":83,"column":35},"end":{"line":99,"column":9}},"39":{"start":{"line":101,"column":26},"end":{"line":101,"column":67}},"40":{"start":{"line":103,"column":8},"end":{"line":110,"column":9}},"41":{"start":{"line":104,"column":12},"end":{"line":104,"column":79}},"42":{"start":{"line":105,"column":12},"end":{"line":105,"column":52}},"43":{"start":{"line":106,"column":12},"end":{"line":106,"column":86}},"44":{"start":{"line":108,"column":12},"end":{"line":108,"column":51}},"45":{"start":{"line":109,"column":12},"end":{"line":109,"column":83}},"46":{"start":{"line":112,"column":8},"end":{"line":112,"column":39}},"47":{"start":{"line":113,"column":8},"end":{"line":113,"column":33}},"48":{"start":{"line":116,"column":8},"end":{"line":116,"column":16}},"49":{"start":{"line":121,"column":4},"end":{"line":121,"column":61}},"50":{"start":{"line":121,"column":48},"end":{"line":121,"column":60}},"51":{"start":{"line":126,"column":4},"end":{"line":140,"column":6}},"52":{"start":{"line":127,"column":19},"end":{"line":127,"column":21}},"53":{"start":{"line":129,"column":8},"end":{"line":138,"column":32}},"54":{"start":{"line":132,"column":16},"end":{"line":132,"column":30}},"55":{"start":{"line":135,"column":16},"end":{"line":135,"column":54}},"56":{"start":{"line":136,"column":16},"end":{"line":136,"column":29}},"57":{"start":{"line":143,"column":0},"end":{"line":149,"column":1}}},"fnMap":{"0":{"name":"(anonymous_0)","decl":{"start":{"line":12,"column":22},"end":{"line":12,"column":23}},"loc":{"start":{"line":12,"column":33},"end":{"line":12,"column":120}},"line":12},"1":{"name":"(anonymous_1)","decl":{"start":{"line":12,"column":73},"end":{"line":12,"column":74}},"loc":{"start":{"line":12,"column":88},"end":{"line":12,"column":115}},"line":12},"2":{"name":"convertMinSecToMs","decl":{"start":{"line":16,"column":9},"end":{"line":16,"column":26}},"loc":{"start":{"line":16,"column":43},"end":{"line":18,"column":1}},"line":16},"3":{"name":"(anonymous_3)","decl":{"start":{"line":21,"column":31},"end":{"line":21,"column":32}},"loc":{"start":{"line":21,"column":52},"end":{"line":49,"column":1}},"line":21},"4":{"name":"(anonymous_4)","decl":{"start":{"line":58,"column":25},"end":{"line":58,"column":26}},"loc":{"start":{"line":58,"column":43},"end":{"line":118,"column":1}},"line":58},"5":{"name":"addGenresToDatabase","decl":{"start":{"line":120,"column":9},"end":{"line":120,"column":28}},"loc":{"start":{"line":120,"column":43},"end":{"line":122,"column":1}},"line":120},"6":{"name":"(anonymous_6)","decl":{"start":{"line":121,"column":39},"end":{"line":121,"column":40}},"loc":{"start":{"line":121,"column":48},"end":{"line":121,"column":60}},"line":121},"7":{"name":"csvToData","decl":{"start":{"line":124,"column":9},"end":{"line":124,"column":18}},"loc":{"start":{"line":124,"column":28},"end":{"line":142,"column":1}},"line":124},"8":{"name":"(anonymous_8)","decl":{"start":{"line":126,"column":23},"end":{"line":126,"column":24}},"loc":{"start":{"line":126,"column":44},"end":{"line":140,"column":5}},"line":126},"9":{"name":"(anonymous_9)","decl":{"start":{"line":131,"column":24},"end":{"line":131,"column":25}},"loc":{"start":{"line":131,"column":39},"end":{"line":133,"column":13}},"line":131},"10":{"name":"(anonymous_10)","decl":{"start":{"line":134,"column":23},"end":{"line":134,"column":24}},"loc":{"start":{"line":134,"column":35},"end":{"line":137,"column":13}},"line":134}},"branchMap":{"0":{"loc":{"start":{"line":26,"column":4},"end":{"line":31,"column":5}},"type":"if","locations":[{"start":{"line":26,"column":4},"end":{"line":31,"column":5}},{"start":{"line":26,"column":4},"end":{"line":31,"column":5}}],"line":26},"1":{"loc":{"start":{"line":34,"column":4},"end":{"line":36,"column":5}},"type":"if","locations":[{"start":{"line":34,"column":4},"end":{"line":36,"column":5}},{"start":{"line":34,"column":4},"end":{"line":36,"column":5}}],"line":34},"2":{"loc":{"start":{"line":38,"column":4},"end":{"line":40,"column":5}},"type":"if","locations":[{"start":{"line":38,"column":4},"end":{"line":40,"column":5}},{"start":{"line":38,"column":4},"end":{"line":40,"column":5}}],"line":38},"3":{"loc":{"start":{"line":42,"column":4},"end":{"line":44,"column":5}},"type":"if","locations":[{"start":{"line":42,"column":4},"end":{"line":44,"column":5}},{"start":{"line":42,"column":4},"end":{"line":44,"column":5}}],"line":42},"4":{"loc":{"start":{"line":46,"column":4},"end":{"line":46,"column":50}},"type":"if","locations":[{"start":{"line":46,"column":4},"end":{"line":46,"column":50}},{"start":{"line":46,"column":4},"end":{"line":46,"column":50}}],"line":46},"5":{"loc":{"start":{"line":103,"column":8},"end":{"line":110,"column":9}},"type":"if","locations":[{"start":{"line":103,"column":8},"end":{"line":110,"column":9}},{"start":{"line":103,"column":8},"end":{"line":110,"column":9}}],"line":103}},"s":{"0":1,"1":1,"2":1,"3":1,"4":1,"5":1,"6":1,"7":1,"8":1,"9":1,"10":0,"11":0,"12":1,"13":0,"14":1,"15":8,"16":8,"17":5,"18":5,"19":3,"20":8,"21":1,"22":8,"23":1,"24":8,"25":1,"26":8,"27":3,"28":5,"29":1,"30":1,"31":0,"32":0,"33":0,"34":0,"35":0,"36":0,"37":0,"38":0,"39":0,"40":0,"41":0,"42":0,"43":0,"44":0,"45":0,"46":0,"47":0,"48":0,"49":4,"50":6,"51":0,"52":0,"53":0,"54":0,"55":0,"56":0,"57":1},"f":{"0":0,"1":0,"2":0,"3":8,"4":0,"5":4,"6":6,"7":0,"8":0,"9":0,"10":0},"b":{"0":[5,3],"1":[1,7],"2":[1,7],"3":[1,7],"4":[3,5],"5":[0,0]},"_coverageSchema":"1a1c01bbd47fc00a2c39e90264f33305004495a9","hash":"fd11c044d1bbf9d514b5760cc09e8672e1119e36"}
,"/Users/isaacyong/WEB DEV/giggr-api/lib/remove-brackets.js": {"path":"/Users/isaacyong/WEB DEV/giggr-api/lib/remove-brackets.js","statementMap":{"0":{"start":{"line":1,"column":23},"end":{"line":5,"column":1}},"1":{"start":{"line":2,"column":24},"end":{"line":2,"column":47}},"2":{"start":{"line":4,"column":4},"end":{"line":4,"column":79}},"3":{"start":{"line":7,"column":0},"end":{"line":7,"column":31}}},"fnMap":{"0":{"name":"(anonymous_0)","decl":{"start":{"line":1,"column":23},"end":{"line":1,"column":24}},"loc":{"start":{"line":1,"column":34},"end":{"line":5,"column":1}},"line":1}},"branchMap":{"0":{"loc":{"start":{"line":4,"column":26},"end":{"line":4,"column":71}},"type":"cond-expr","locations":[{"start":{"line":4,"column":45},"end":{"line":4,"column":56}},{"start":{"line":4,"column":59},"end":{"line":4,"column":71}}],"line":4}},"s":{"0":1,"1":0,"2":0,"3":1},"f":{"0":0},"b":{"0":[0,0]},"_coverageSchema":"1a1c01bbd47fc00a2c39e90264f33305004495a9","hash":"2de9ca8808308806b340f879b2a7882ebe1289a7"}
}
